  Determinando los proyectos que se van a restaurar...
  Todos los proyectos est├ín actualizados para la restauraci├│n.
  GameLauncher.Core -> H:\GameLauncher\src\Core\GameLauncher.Core\bin\Release\net8.0\GameLauncher.Core.dll
  GameLauncher.Data -> H:\GameLauncher\src\Core\GameLauncher.Data\bin\Release\net8.0\GameLauncher.Data.dll
  GameLauncher.Infrastructure -> H:\GameLauncher\src\Core\GameLauncher.Infrastructure\bin\Release\net8.0\GameLauncher.Infrastructure.dll
  GameLauncher.UI.Shared -> H:\GameLauncher\src\UI\GameLauncher.UI.Shared\bin\Release\net8.0-windows\GameLauncher.UI.Shared.dll
H:\GameLauncher\src\UI\GameLauncher.BigScreen\ViewModels\SystemInfoViewModel.cs(36,47): error CS1513: Se esperaba } [H:\GameLauncher\src\UI\GameLauncher.BigScreen\GameLauncher.BigScreen_mjt2xffd_wpftmp.csproj]
H:\GameLauncher\src\UI\GameLauncher.BigScreen\ViewModels\SystemInfoViewModel.cs(42,23): error CS1002: Se esperaba ; [H:\GameLauncher\src\UI\GameLauncher.BigScreen\GameLauncher.BigScreen_mjt2xffd_wpftmp.csproj]
H:\GameLauncher\src\UI\GameLauncher.BigScreen\ViewModels\SystemInfoViewModel.cs(42,37): error CS8124: Una tupla debe contener al menos dos elementos. [H:\GameLauncher\src\UI\GameLauncher.BigScreen\GameLauncher.BigScreen_mjt2xffd_wpftmp.csproj]
H:\GameLauncher\src\UI\GameLauncher.BigScreen\ViewModels\SystemInfoViewModel.cs(42,37): error CS1026: Se esperaba ) [H:\GameLauncher\src\UI\GameLauncher.BigScreen\GameLauncher.BigScreen_mjt2xffd_wpftmp.csproj]
H:\GameLauncher\src\UI\GameLauncher.BigScreen\ViewModels\SystemInfoViewModel.cs(42,37): error CS1022: Se esperaba una definici├│n de tipo o espacio de nombres, o el fin del archivo [H:\GameLauncher\src\UI\GameLauncher.BigScreen\GameLauncher.BigScreen_mjt2xffd_wpftmp.csproj]
H:\GameLauncher\src\UI\GameLauncher.BigScreen\ViewModels\SystemInfoViewModel.cs(42,68): error CS1001: Se esperaba un identificador [H:\GameLauncher\src\UI\GameLauncher.BigScreen\GameLauncher.BigScreen_mjt2xffd_wpftmp.csproj]
H:\GameLauncher\src\UI\GameLauncher.BigScreen\ViewModels\SystemInfoViewModel.cs(42,121): error CS1002: Se esperaba ; [H:\GameLauncher\src\UI\GameLauncher.BigScreen\GameLauncher.BigScreen_mjt2xffd_wpftmp.csproj]
H:\GameLauncher\src\UI\GameLauncher.BigScreen\ViewModels\SystemInfoViewModel.cs(42,121): error CS1022: Se esperaba una definici├│n de tipo o espacio de nombres, o el fin del archivo [H:\GameLauncher\src\UI\GameLauncher.BigScreen\GameLauncher.BigScreen_mjt2xffd_wpftmp.csproj]
H:\GameLauncher\src\UI\GameLauncher.BigScreen\ViewModels\SystemInfoViewModel.cs(44,51): error CS8124: Una tupla debe contener al menos dos elementos. [H:\GameLauncher\src\UI\GameLauncher.BigScreen\GameLauncher.BigScreen_mjt2xffd_wpftmp.csproj]
H:\GameLauncher\src\UI\GameLauncher.BigScreen\ViewModels\SystemInfoViewModel.cs(44,51): error CS1026: Se esperaba ) [H:\GameLauncher\src\UI\GameLauncher.BigScreen\GameLauncher.BigScreen_mjt2xffd_wpftmp.csproj]
H:\GameLauncher\src\UI\GameLauncher.BigScreen\ViewModels\SystemInfoViewModel.cs(44,51): error CS1022: Se esperaba una definici├│n de tipo o espacio de nombres, o el fin del archivo [H:\GameLauncher\src\UI\GameLauncher.BigScreen\GameLauncher.BigScreen_mjt2xffd_wpftmp.csproj]
H:\GameLauncher\src\UI\GameLauncher.BigScreen\ViewModels\SystemInfoViewModel.cs(44,63): error CS0116: Un espacio de nombres no puede contener directamente miembros como campos, m├®todos o instrucciones [H:\GameLauncher\src\UI\GameLauncher.BigScreen\GameLauncher.BigScreen_mjt2xffd_wpftmp.csproj]
H:\GameLauncher\src\UI\GameLauncher.BigScreen\ViewModels\SystemInfoViewModel.cs(44,67): error CS8124: Una tupla debe contener al menos dos elementos. [H:\GameLauncher\src\UI\GameLauncher.BigScreen\GameLauncher.BigScreen_mjt2xffd_wpftmp.csproj]
H:\GameLauncher\src\UI\GameLauncher.BigScreen\ViewModels\SystemInfoViewModel.cs(44,68): error CS1022: Se esperaba una definici├│n de tipo o espacio de nombres, o el fin del archivo [H:\GameLauncher\src\UI\GameLauncher.BigScreen\GameLauncher.BigScreen_mjt2xffd_wpftmp.csproj]
H:\GameLauncher\src\UI\GameLauncher.BigScreen\ViewModels\SystemInfoViewModel.cs(47,25): error CS1022: Se esperaba una definici├│n de tipo o espacio de nombres, o el fin del archivo [H:\GameLauncher\src\UI\GameLauncher.BigScreen\GameLauncher.BigScreen_mjt2xffd_wpftmp.csproj]
H:\GameLauncher\src\UI\GameLauncher.BigScreen\ViewModels\SystemInfoViewModel.cs(47,29): error CS1031: Se esperaba un tipo [H:\GameLauncher\src\UI\GameLauncher.BigScreen\GameLauncher.BigScreen_mjt2xffd_wpftmp.csproj]
H:\GameLauncher\src\UI\GameLauncher.BigScreen\ViewModels\SystemInfoViewModel.cs(47,29): error CS8124: Una tupla debe contener al menos dos elementos. [H:\GameLauncher\src\UI\GameLauncher.BigScreen\GameLauncher.BigScreen_mjt2xffd_wpftmp.csproj]
H:\GameLauncher\src\UI\GameLauncher.BigScreen\ViewModels\SystemInfoViewModel.cs(47,29): error CS1026: Se esperaba ) [H:\GameLauncher\src\UI\GameLauncher.BigScreen\GameLauncher.BigScreen_mjt2xffd_wpftmp.csproj]
H:\GameLauncher\src\UI\GameLauncher.BigScreen\ViewModels\SystemInfoViewModel.cs(47,29): error CS1022: Se esperaba una definici├│n de tipo o espacio de nombres, o el fin del archivo [H:\GameLauncher\src\UI\GameLauncher.BigScreen\GameLauncher.BigScreen_mjt2xffd_wpftmp.csproj]
H:\GameLauncher\src\UI\GameLauncher.BigScreen\ViewModels\SystemInfoViewModel.cs(47,30): error CS0116: Un espacio de nombres no puede contener directamente miembros como campos, m├®todos o instrucciones [H:\GameLauncher\src\UI\GameLauncher.BigScreen\GameLauncher.BigScreen_mjt2xffd_wpftmp.csproj]
H:\GameLauncher\src\UI\GameLauncher.BigScreen\ViewModels\SystemInfoViewModel.cs(47,36): error CS1022: Se esperaba una definici├│n de tipo o espacio de nombres, o el fin del archivo [H:\GameLauncher\src\UI\GameLauncher.BigScreen\GameLauncher.BigScreen_mjt2xffd_wpftmp.csproj]
H:\GameLauncher\src\UI\GameLauncher.BigScreen\ViewModels\SystemInfoViewModel.cs(47,61): error CS1001: Se esperaba un identificador [H:\GameLauncher\src\UI\GameLauncher.BigScreen\GameLauncher.BigScreen_mjt2xffd_wpftmp.csproj]
H:\GameLauncher\src\UI\GameLauncher.BigScreen\ViewModels\SystemInfoViewModel.cs(47,62): error CS1002: Se esperaba ; [H:\GameLauncher\src\UI\GameLauncher.BigScreen\GameLauncher.BigScreen_mjt2xffd_wpftmp.csproj]
H:\GameLauncher\src\UI\GameLauncher.BigScreen\ViewModels\SystemInfoViewModel.cs(47,62): error CS1022: Se esperaba una definici├│n de tipo o espacio de nombres, o el fin del archivo [H:\GameLauncher\src\UI\GameLauncher.BigScreen\GameLauncher.BigScreen_mjt2xffd_wpftmp.csproj]
H:\GameLauncher\src\UI\GameLauncher.BigScreen\ViewModels\SystemInfoViewModel.cs(49,29): error CS0116: Un espacio de nombres no puede contener directamente miembros como campos, m├®todos o instrucciones [H:\GameLauncher\src\UI\GameLauncher.BigScreen\GameLauncher.BigScreen_mjt2xffd_wpftmp.csproj]
H:\GameLauncher\src\UI\GameLauncher.BigScreen\ViewModels\SystemInfoViewModel.cs(49,37): error CS1022: Se esperaba una definici├│n de tipo o espacio de nombres, o el fin del archivo [H:\GameLauncher\src\UI\GameLauncher.BigScreen\GameLauncher.BigScreen_mjt2xffd_wpftmp.csproj]
H:\GameLauncher\src\UI\GameLauncher.BigScreen\ViewModels\SystemInfoViewModel.cs(49,39): error CS0116: Un espacio de nombres no puede contener directamente miembros como campos, m├®todos o instrucciones [H:\GameLauncher\src\UI\GameLauncher.BigScreen\GameLauncher.BigScreen_mjt2xffd_wpftmp.csproj]
H:\GameLauncher\src\UI\GameLauncher.BigScreen\ViewModels\SystemInfoViewModel.cs(49,49): error CS1022: Se esperaba una definici├│n de tipo o espacio de nombres, o el fin del archivo [H:\GameLauncher\src\UI\GameLauncher.BigScreen\GameLauncher.BigScreen_mjt2xffd_wpftmp.csproj]
H:\GameLauncher\src\UI\GameLauncher.BigScreen\ViewModels\SystemInfoViewModel.cs(52,51): error CS8124: Una tupla debe contener al menos dos elementos. [H:\GameLauncher\src\UI\GameLauncher.BigScreen\GameLauncher.BigScreen_mjt2xffd_wpftmp.csproj]
H:\GameLauncher\src\UI\GameLauncher.BigScreen\ViewModels\SystemInfoViewModel.cs(52,51): error CS1026: Se esperaba ) [H:\GameLauncher\src\UI\GameLauncher.BigScreen\GameLauncher.BigScreen_mjt2xffd_wpftmp.csproj]
H:\GameLauncher\src\UI\GameLauncher.BigScreen\ViewModels\SystemInfoViewModel.cs(52,51): error CS1022: Se esperaba una definici├│n de tipo o espacio de nombres, o el fin del archivo [H:\GameLauncher\src\UI\GameLauncher.BigScreen\GameLauncher.BigScreen_mjt2xffd_wpftmp.csproj]
H:\GameLauncher\src\UI\GameLauncher.BigScreen\ViewModels\SystemInfoViewModel.cs(56,33): error CS0116: Un espacio de nombres no puede contener directamente miembros como campos, m├®todos o instrucciones [H:\GameLauncher\src\UI\GameLauncher.BigScreen\GameLauncher.BigScreen_mjt2xffd_wpftmp.csproj]
H:\GameLauncher\src\UI\GameLauncher.BigScreen\ViewModels\SystemInfoViewModel.cs(56,41): error CS1022: Se esperaba una definici├│n de tipo o espacio de nombres, o el fin del archivo [H:\GameLauncher\src\UI\GameLauncher.BigScreen\GameLauncher.BigScreen_mjt2xffd_wpftmp.csproj]
H:\GameLauncher\src\UI\GameLauncher.BigScreen\ViewModels\SystemInfoViewModel.cs(57,29): error CS1022: Se esperaba una definici├│n de tipo o espacio de nombres, o el fin del archivo [H:\GameLauncher\src\UI\GameLauncher.BigScreen\GameLauncher.BigScreen_mjt2xffd_wpftmp.csproj]
H:\GameLauncher\src\UI\GameLauncher.BigScreen\ViewModels\SystemInfoViewModel.cs(58,1): error CS8803: Las instrucciones de nivel superior deben preceder a las declaraciones de espacio de nombres y de tipos. [H:\GameLauncher\src\UI\GameLauncher.BigScreen\GameLauncher.BigScreen_mjt2xffd_wpftmp.csproj]
H:\GameLauncher\src\UI\GameLauncher.BigScreen\ViewModels\SystemInfoViewModel.cs(57,30): error CS8641: ÔÇ£elseÔÇØ no puede iniciar una instrucci├│n. [H:\GameLauncher\src\UI\GameLauncher.BigScreen\GameLauncher.BigScreen_mjt2xffd_wpftmp.csproj]
H:\GameLauncher\src\UI\GameLauncher.BigScreen\ViewModels\SystemInfoViewModel.cs(57,30): error CS1003: Error de sintaxis, se esperaba '(' [H:\GameLauncher\src\UI\GameLauncher.BigScreen\GameLauncher.BigScreen_mjt2xffd_wpftmp.csproj]
H:\GameLauncher\src\UI\GameLauncher.BigScreen\ViewModels\SystemInfoViewModel.cs(57,30): error CS1525: El t├®rmino de expresi├│n 'else' no es v├ílido [H:\GameLauncher\src\UI\GameLauncher.BigScreen\GameLauncher.BigScreen_mjt2xffd_wpftmp.csproj]
H:\GameLauncher\src\UI\GameLauncher.BigScreen\ViewModels\SystemInfoViewModel.cs(57,30): error CS1026: Se esperaba ) [H:\GameLauncher\src\UI\GameLauncher.BigScreen\GameLauncher.BigScreen_mjt2xffd_wpftmp.csproj]
H:\GameLauncher\src\UI\GameLauncher.BigScreen\ViewModels\SystemInfoViewModel.cs(57,30): error CS1002: Se esperaba ; [H:\GameLauncher\src\UI\GameLauncher.BigScreen\GameLauncher.BigScreen_mjt2xffd_wpftmp.csproj]
H:\GameLauncher\src\UI\GameLauncher.BigScreen\ViewModels\SystemInfoViewModel.cs(64,25): error CS1022: Se esperaba una definici├│n de tipo o espacio de nombres, o el fin del archivo [H:\GameLauncher\src\UI\GameLauncher.BigScreen\GameLauncher.BigScreen_mjt2xffd_wpftmp.csproj]
H:\GameLauncher\src\UI\GameLauncher.BigScreen\ViewModels\SystemInfoViewModel.cs(65,21): error CS1022: Se esperaba una definici├│n de tipo o espacio de nombres, o el fin del archivo [H:\GameLauncher\src\UI\GameLauncher.BigScreen\GameLauncher.BigScreen_mjt2xffd_wpftmp.csproj]
H:\GameLauncher\src\UI\GameLauncher.BigScreen\ViewModels\SystemInfoViewModel.cs(66,17): error CS1022: Se esperaba una definici├│n de tipo o espacio de nombres, o el fin del archivo [H:\GameLauncher\src\UI\GameLauncher.BigScreen\GameLauncher.BigScreen_mjt2xffd_wpftmp.csproj]
H:\GameLauncher\src\UI\GameLauncher.BigScreen\ViewModels\SystemInfoViewModel.cs(93,13): error CS1022: Se esperaba una definici├│n de tipo o espacio de nombres, o el fin del archivo [H:\GameLauncher\src\UI\GameLauncher.BigScreen\GameLauncher.BigScreen_mjt2xffd_wpftmp.csproj]
H:\GameLauncher\src\UI\GameLauncher.BigScreen\ViewModels\SystemInfoViewModel.cs(94,13): error CS1022: Se esperaba una definici├│n de tipo o espacio de nombres, o el fin del archivo [H:\GameLauncher\src\UI\GameLauncher.BigScreen\GameLauncher.BigScreen_mjt2xffd_wpftmp.csproj]
H:\GameLauncher\src\UI\GameLauncher.BigScreen\ViewModels\SystemInfoViewModel.cs(94,30): error CS1026: Se esperaba ) [H:\GameLauncher\src\UI\GameLauncher.BigScreen\GameLauncher.BigScreen_mjt2xffd_wpftmp.csproj]
H:\GameLauncher\src\UI\GameLauncher.BigScreen\ViewModels\SystemInfoViewModel.cs(94,30): error CS1002: Se esperaba ; [H:\GameLauncher\src\UI\GameLauncher.BigScreen\GameLauncher.BigScreen_mjt2xffd_wpftmp.csproj]
H:\GameLauncher\src\UI\GameLauncher.BigScreen\ViewModels\SystemInfoViewModel.cs(94,32): error CS1001: Se esperaba un identificador [H:\GameLauncher\src\UI\GameLauncher.BigScreen\GameLauncher.BigScreen_mjt2xffd_wpftmp.csproj]
H:\GameLauncher\src\UI\GameLauncher.BigScreen\ViewModels\SystemInfoViewModel.cs(94,32): error CS1003: Error de sintaxis, se esperaba ',' [H:\GameLauncher\src\UI\GameLauncher.BigScreen\GameLauncher.BigScreen_mjt2xffd_wpftmp.csproj]
H:\GameLauncher\src\UI\GameLauncher.BigScreen\ViewModels\SystemInfoViewModel.cs(102,13): error CS1022: Se esperaba una definici├│n de tipo o espacio de nombres, o el fin del archivo [H:\GameLauncher\src\UI\GameLauncher.BigScreen\GameLauncher.BigScreen_mjt2xffd_wpftmp.csproj]
H:\GameLauncher\src\UI\GameLauncher.BigScreen\ViewModels\SystemInfoViewModel.cs(103,9): error CS1022: Se esperaba una definici├│n de tipo o espacio de nombres, o el fin del archivo [H:\GameLauncher\src\UI\GameLauncher.BigScreen\GameLauncher.BigScreen_mjt2xffd_wpftmp.csproj]
H:\GameLauncher\src\UI\GameLauncher.BigScreen\ViewModels\SystemInfoViewModel.cs(103,10): error CS1022: Se esperaba una definici├│n de tipo o espacio de nombres, o el fin del archivo [H:\GameLauncher\src\UI\GameLauncher.BigScreen\GameLauncher.BigScreen_mjt2xffd_wpftmp.csproj]
H:\GameLauncher\src\UI\GameLauncher.BigScreen\ViewModels\SystemInfoViewModel.cs(104,5): error CS1022: Se esperaba una definici├│n de tipo o espacio de nombres, o el fin del archivo [H:\GameLauncher\src\UI\GameLauncher.BigScreen\GameLauncher.BigScreen_mjt2xffd_wpftmp.csproj]
H:\GameLauncher\src\UI\GameLauncher.BigScreen\ViewModels\SystemInfoViewModel.cs(106,5): error CS0106: El modificador 'private' no es v├ílido para este elemento [H:\GameLauncher\src\UI\GameLauncher.BigScreen\GameLauncher.BigScreen_mjt2xffd_wpftmp.csproj]
H:\GameLauncher\src\UI\GameLauncher.BigScreen\ViewModels\SystemInfoViewModel.cs(137,5): error CS0106: El modificador 'private' no es v├ílido para este elemento [H:\GameLauncher\src\UI\GameLauncher.BigScreen\GameLauncher.BigScreen_mjt2xffd_wpftmp.csproj]
H:\GameLauncher\src\UI\GameLauncher.BigScreen\ViewModels\SystemInfoViewModel.cs(231,5): error CS0106: El modificador 'private' no es v├ílido para este elemento [H:\GameLauncher\src\UI\GameLauncher.BigScreen\GameLauncher.BigScreen_mjt2xffd_wpftmp.csproj]
H:\GameLauncher\src\UI\GameLauncher.BigScreen\ViewModels\SystemInfoViewModel.cs(295,1): error CS1022: Se esperaba una definici├│n de tipo o espacio de nombres, o el fin del archivo [H:\GameLauncher\src\UI\GameLauncher.BigScreen\GameLauncher.BigScreen_mjt2xffd_wpftmp.csproj]

ERROR al compilar.

H:\GameLauncher\src\UI\GameLauncher.BigScreen\ViewModels\SystemInfoViewModel.cs(36,47): error CS1513: Se esperaba } [H:\GameLauncher\src\UI\GameLauncher.BigScreen\GameLauncher.BigScreen_mjt2xffd_wpftmp.csproj]
H:\GameLauncher\src\UI\GameLauncher.BigScreen\ViewModels\SystemInfoViewModel.cs(42,23): error CS1002: Se esperaba ; [H:\GameLauncher\src\UI\GameLauncher.BigScreen\GameLauncher.BigScreen_mjt2xffd_wpftmp.csproj]
H:\GameLauncher\src\UI\GameLauncher.BigScreen\ViewModels\SystemInfoViewModel.cs(42,37): error CS8124: Una tupla debe contener al menos dos elementos. [H:\GameLauncher\src\UI\GameLauncher.BigScreen\GameLauncher.BigScreen_mjt2xffd_wpftmp.csproj]
H:\GameLauncher\src\UI\GameLauncher.BigScreen\ViewModels\SystemInfoViewModel.cs(42,37): error CS1026: Se esperaba ) [H:\GameLauncher\src\UI\GameLauncher.BigScreen\GameLauncher.BigScreen_mjt2xffd_wpftmp.csproj]
H:\GameLauncher\src\UI\GameLauncher.BigScreen\ViewModels\SystemInfoViewModel.cs(42,37): error CS1022: Se esperaba una definici├│n de tipo o espacio de nombres, o el fin del archivo [H:\GameLauncher\src\UI\GameLauncher.BigScreen\GameLauncher.BigScreen_mjt2xffd_wpftmp.csproj]
H:\GameLauncher\src\UI\GameLauncher.BigScreen\ViewModels\SystemInfoViewModel.cs(42,68): error CS1001: Se esperaba un identificador [H:\GameLauncher\src\UI\GameLauncher.BigScreen\GameLauncher.BigScreen_mjt2xffd_wpftmp.csproj]
H:\GameLauncher\src\UI\GameLauncher.BigScreen\ViewModels\SystemInfoViewModel.cs(42,121): error CS1002: Se esperaba ; [H:\GameLauncher\src\UI\GameLauncher.BigScreen\GameLauncher.BigScreen_mjt2xffd_wpftmp.csproj]
H:\GameLauncher\src\UI\GameLauncher.BigScreen\ViewModels\SystemInfoViewModel.cs(42,121): error CS1022: Se esperaba una definici├│n de tipo o espacio de nombres, o el fin del archivo [H:\GameLauncher\src\UI\GameLauncher.BigScreen\GameLauncher.BigScreen_mjt2xffd_wpftmp.csproj]
H:\GameLauncher\src\UI\GameLauncher.BigScreen\ViewModels\SystemInfoViewModel.cs(44,51): error CS8124: Una tupla debe contener al menos dos elementos. [H:\GameLauncher\src\UI\GameLauncher.BigScreen\GameLauncher.BigScreen_mjt2xffd_wpftmp.csproj]
H:\GameLauncher\src\UI\GameLauncher.BigScreen\ViewModels\SystemInfoViewModel.cs(44,51): error CS1026: Se esperaba ) [H:\GameLauncher\src\UI\GameLauncher.BigScreen\GameLauncher.BigScreen_mjt2xffd_wpftmp.csproj]
H:\GameLauncher\src\UI\GameLauncher.BigScreen\ViewModels\SystemInfoViewModel.cs(44,51): error CS1022: Se esperaba una definici├│n de tipo o espacio de nombres, o el fin del archivo [H:\GameLauncher\src\UI\GameLauncher.BigScreen\GameLauncher.BigScreen_mjt2xffd_wpftmp.csproj]
H:\GameLauncher\src\UI\GameLauncher.BigScreen\ViewModels\SystemInfoViewModel.cs(44,63): error CS0116: Un espacio de nombres no puede contener directamente miembros como campos, m├®todos o instrucciones [H:\GameLauncher\src\UI\GameLauncher.BigScreen\GameLauncher.BigScreen_mjt2xffd_wpftmp.csproj]
H:\GameLauncher\src\UI\GameLauncher.BigScreen\ViewModels\SystemInfoViewModel.cs(44,67): error CS8124: Una tupla debe contener al menos dos elementos. [H:\GameLauncher\src\UI\GameLauncher.BigScreen\GameLauncher.BigScreen_mjt2xffd_wpftmp.csproj]
H:\GameLauncher\src\UI\GameLauncher.BigScreen\ViewModels\SystemInfoViewModel.cs(44,68): error CS1022: Se esperaba una definici├│n de tipo o espacio de nombres, o el fin del archivo [H:\GameLauncher\src\UI\GameLauncher.BigScreen\GameLauncher.BigScreen_mjt2xffd_wpftmp.csproj]
H:\GameLauncher\src\UI\GameLauncher.BigScreen\ViewModels\SystemInfoViewModel.cs(47,25): error CS1022: Se esperaba una definici├│n de tipo o espacio de nombres, o el fin del archivo [H:\GameLauncher\src\UI\GameLauncher.BigScreen\GameLauncher.BigScreen_mjt2xffd_wpftmp.csproj]
H:\GameLauncher\src\UI\GameLauncher.BigScreen\ViewModels\SystemInfoViewModel.cs(47,29): error CS1031: Se esperaba un tipo [H:\GameLauncher\src\UI\GameLauncher.BigScreen\GameLauncher.BigScreen_mjt2xffd_wpftmp.csproj]
H:\GameLauncher\src\UI\GameLauncher.BigScreen\ViewModels\SystemInfoViewModel.cs(47,29): error CS8124: Una tupla debe contener al menos dos elementos. [H:\GameLauncher\src\UI\GameLauncher.BigScreen\GameLauncher.BigScreen_mjt2xffd_wpftmp.csproj]
H:\GameLauncher\src\UI\GameLauncher.BigScreen\ViewModels\SystemInfoViewModel.cs(47,29): error CS1026: Se esperaba ) [H:\GameLauncher\src\UI\GameLauncher.BigScreen\GameLauncher.BigScreen_mjt2xffd_wpftmp.csproj]
H:\GameLauncher\src\UI\GameLauncher.BigScreen\ViewModels\SystemInfoViewModel.cs(47,29): error CS1022: Se esperaba una definici├│n de tipo o espacio de nombres, o el fin del archivo [H:\GameLauncher\src\UI\GameLauncher.BigScreen\GameLauncher.BigScreen_mjt2xffd_wpftmp.csproj]
H:\GameLauncher\src\UI\GameLauncher.BigScreen\ViewModels\SystemInfoViewModel.cs(47,30): error CS0116: Un espacio de nombres no puede contener directamente miembros como campos, m├®todos o instrucciones [H:\GameLauncher\src\UI\GameLauncher.BigScreen\GameLauncher.BigScreen_mjt2xffd_wpftmp.csproj]
H:\GameLauncher\src\UI\GameLauncher.BigScreen\ViewModels\SystemInfoViewModel.cs(47,36): error CS1022: Se esperaba una definici├│n de tipo o espacio de nombres, o el fin del archivo [H:\GameLauncher\src\UI\GameLauncher.BigScreen\GameLauncher.BigScreen_mjt2xffd_wpftmp.csproj]
H:\GameLauncher\src\UI\GameLauncher.BigScreen\ViewModels\SystemInfoViewModel.cs(47,61): error CS1001: Se esperaba un identificador [H:\GameLauncher\src\UI\GameLauncher.BigScreen\GameLauncher.BigScreen_mjt2xffd_wpftmp.csproj]
H:\GameLauncher\src\UI\GameLauncher.BigScreen\ViewModels\SystemInfoViewModel.cs(47,62): error CS1002: Se esperaba ; [H:\GameLauncher\src\UI\GameLauncher.BigScreen\GameLauncher.BigScreen_mjt2xffd_wpftmp.csproj]
H:\GameLauncher\src\UI\GameLauncher.BigScreen\ViewModels\SystemInfoViewModel.cs(47,62): error CS1022: Se esperaba una definici├│n de tipo o espacio de nombres, o el fin del archivo [H:\GameLauncher\src\UI\GameLauncher.BigScreen\GameLauncher.BigScreen_mjt2xffd_wpftmp.csproj]
H:\GameLauncher\src\UI\GameLauncher.BigScreen\ViewModels\SystemInfoViewModel.cs(49,29): error CS0116: Un espacio de nombres no puede contener directamente miembros como campos, m├®todos o instrucciones [H:\GameLauncher\src\UI\GameLauncher.BigScreen\GameLauncher.BigScreen_mjt2xffd_wpftmp.csproj]
H:\GameLauncher\src\UI\GameLauncher.BigScreen\ViewModels\SystemInfoViewModel.cs(49,37): error CS1022: Se esperaba una definici├│n de tipo o espacio de nombres, o el fin del archivo [H:\GameLauncher\src\UI\GameLauncher.BigScreen\GameLauncher.BigScreen_mjt2xffd_wpftmp.csproj]
H:\GameLauncher\src\UI\GameLauncher.BigScreen\ViewModels\SystemInfoViewModel.cs(49,39): error CS0116: Un espacio de nombres no puede contener directamente miembros como campos, m├®todos o instrucciones [H:\GameLauncher\src\UI\GameLauncher.BigScreen\GameLauncher.BigScreen_mjt2xffd_wpftmp.csproj]
H:\GameLauncher\src\UI\GameLauncher.BigScreen\ViewModels\SystemInfoViewModel.cs(49,49): error CS1022: Se esperaba una definici├│n de tipo o espacio de nombres, o el fin del archivo [H:\GameLauncher\src\UI\GameLauncher.BigScreen\GameLauncher.BigScreen_mjt2xffd_wpftmp.csproj]
H:\GameLauncher\src\UI\GameLauncher.BigScreen\ViewModels\SystemInfoViewModel.cs(52,51): error CS8124: Una tupla debe contener al menos dos elementos. [H:\GameLauncher\src\UI\GameLauncher.BigScreen\GameLauncher.BigScreen_mjt2xffd_wpftmp.csproj]
H:\GameLauncher\src\UI\GameLauncher.BigScreen\ViewModels\SystemInfoViewModel.cs(52,51): error CS1026: Se esperaba ) [H:\GameLauncher\src\UI\GameLauncher.BigScreen\GameLauncher.BigScreen_mjt2xffd_wpftmp.csproj]
H:\GameLauncher\src\UI\GameLauncher.BigScreen\ViewModels\SystemInfoViewModel.cs(52,51): error CS1022: Se esperaba una definici├│n de tipo o espacio de nombres, o el fin del archivo [H:\GameLauncher\src\UI\GameLauncher.BigScreen\GameLauncher.BigScreen_mjt2xffd_wpftmp.csproj]
H:\GameLauncher\src\UI\GameLauncher.BigScreen\ViewModels\SystemInfoViewModel.cs(56,33): error CS0116: Un espacio de nombres no puede contener directamente miembros como campos, m├®todos o instrucciones [H:\GameLauncher\src\UI\GameLauncher.BigScreen\GameLauncher.BigScreen_mjt2xffd_wpftmp.csproj]
H:\GameLauncher\src\UI\GameLauncher.BigScreen\ViewModels\SystemInfoViewModel.cs(56,41): error CS1022: Se esperaba una definici├│n de tipo o espacio de nombres, o el fin del archivo [H:\GameLauncher\src\UI\GameLauncher.BigScreen\GameLauncher.BigScreen_mjt2xffd_wpftmp.csproj]
H:\GameLauncher\src\UI\GameLauncher.BigScreen\ViewModels\SystemInfoViewModel.cs(57,29): error CS1022: Se esperaba una definici├│n de tipo o espacio de nombres, o el fin del archivo [H:\GameLauncher\src\UI\GameLauncher.BigScreen\GameLauncher.BigScreen_mjt2xffd_wpftmp.csproj]
H:\GameLauncher\src\UI\GameLauncher.BigScreen\ViewModels\SystemInfoViewModel.cs(58,1): error CS8803: Las instrucciones de nivel superior deben preceder a las declaraciones de espacio de nombres y de tipos. [H:\GameLauncher\src\UI\GameLauncher.BigScreen\GameLauncher.BigScreen_mjt2xffd_wpftmp.csproj]
H:\GameLauncher\src\UI\GameLauncher.BigScreen\ViewModels\SystemInfoViewModel.cs(57,30): error CS8641: ÔÇ£elseÔÇØ no puede iniciar una instrucci├│n. [H:\GameLauncher\src\UI\GameLauncher.BigScreen\GameLauncher.BigScreen_mjt2xffd_wpftmp.csproj]
H:\GameLauncher\src\UI\GameLauncher.BigScreen\ViewModels\SystemInfoViewModel.cs(57,30): error CS1003: Error de sintaxis, se esperaba '(' [H:\GameLauncher\src\UI\GameLauncher.BigScreen\GameLauncher.BigScreen_mjt2xffd_wpftmp.csproj]
H:\GameLauncher\src\UI\GameLauncher.BigScreen\ViewModels\SystemInfoViewModel.cs(57,30): error CS1525: El t├®rmino de expresi├│n 'else' no es v├ílido [H:\GameLauncher\src\UI\GameLauncher.BigScreen\GameLauncher.BigScreen_mjt2xffd_wpftmp.csproj]
H:\GameLauncher\src\UI\GameLauncher.BigScreen\ViewModels\SystemInfoViewModel.cs(57,30): error CS1026: Se esperaba ) [H:\GameLauncher\src\UI\GameLauncher.BigScreen\GameLauncher.BigScreen_mjt2xffd_wpftmp.csproj]
H:\GameLauncher\src\UI\GameLauncher.BigScreen\ViewModels\SystemInfoViewModel.cs(57,30): error CS1002: Se esperaba ; [H:\GameLauncher\src\UI\GameLauncher.BigScreen\GameLauncher.BigScreen_mjt2xffd_wpftmp.csproj]
H:\GameLauncher\src\UI\GameLauncher.BigScreen\ViewModels\SystemInfoViewModel.cs(64,25): error CS1022: Se esperaba una definici├│n de tipo o espacio de nombres, o el fin del archivo [H:\GameLauncher\src\UI\GameLauncher.BigScreen\GameLauncher.BigScreen_mjt2xffd_wpftmp.csproj]
H:\GameLauncher\src\UI\GameLauncher.BigScreen\ViewModels\SystemInfoViewModel.cs(65,21): error CS1022: Se esperaba una definici├│n de tipo o espacio de nombres, o el fin del archivo [H:\GameLauncher\src\UI\GameLauncher.BigScreen\GameLauncher.BigScreen_mjt2xffd_wpftmp.csproj]
H:\GameLauncher\src\UI\GameLauncher.BigScreen\ViewModels\SystemInfoViewModel.cs(66,17): error CS1022: Se esperaba una definici├│n de tipo o espacio de nombres, o el fin del archivo [H:\GameLauncher\src\UI\GameLauncher.BigScreen\GameLauncher.BigScreen_mjt2xffd_wpftmp.csproj]
H:\GameLauncher\src\UI\GameLauncher.BigScreen\ViewModels\SystemInfoViewModel.cs(93,13): error CS1022: Se esperaba una definici├│n de tipo o espacio de nombres, o el fin del archivo [H:\GameLauncher\src\UI\GameLauncher.BigScreen\GameLauncher.BigScreen_mjt2xffd_wpftmp.csproj]
H:\GameLauncher\src\UI\GameLauncher.BigScreen\ViewModels\SystemInfoViewModel.cs(94,13): error CS1022: Se esperaba una definici├│n de tipo o espacio de nombres, o el fin del archivo [H:\GameLauncher\src\UI\GameLauncher.BigScreen\GameLauncher.BigScreen_mjt2xffd_wpftmp.csproj]
H:\GameLauncher\src\UI\GameLauncher.BigScreen\ViewModels\SystemInfoViewModel.cs(94,30): error CS1026: Se esperaba ) [H:\GameLauncher\src\UI\GameLauncher.BigScreen\GameLauncher.BigScreen_mjt2xffd_wpftmp.csproj]
H:\GameLauncher\src\UI\GameLauncher.BigScreen\ViewModels\SystemInfoViewModel.cs(94,30): error CS1002: Se esperaba ; [H:\GameLauncher\src\UI\GameLauncher.BigScreen\GameLauncher.BigScreen_mjt2xffd_wpftmp.csproj]
H:\GameLauncher\src\UI\GameLauncher.BigScreen\ViewModels\SystemInfoViewModel.cs(94,32): error CS1001: Se esperaba un identificador [H:\GameLauncher\src\UI\GameLauncher.BigScreen\GameLauncher.BigScreen_mjt2xffd_wpftmp.csproj]
H:\GameLauncher\src\UI\GameLauncher.BigScreen\ViewModels\SystemInfoViewModel.cs(94,32): error CS1003: Error de sintaxis, se esperaba ',' [H:\GameLauncher\src\UI\GameLauncher.BigScreen\GameLauncher.BigScreen_mjt2xffd_wpftmp.csproj]
H:\GameLauncher\src\UI\GameLauncher.BigScreen\ViewModels\SystemInfoViewModel.cs(102,13): error CS1022: Se esperaba una definici├│n de tipo o espacio de nombres, o el fin del archivo [H:\GameLauncher\src\UI\GameLauncher.BigScreen\GameLauncher.BigScreen_mjt2xffd_wpftmp.csproj]
H:\GameLauncher\src\UI\GameLauncher.BigScreen\ViewModels\SystemInfoViewModel.cs(103,9): error CS1022: Se esperaba una definici├│n de tipo o espacio de nombres, o el fin del archivo [H:\GameLauncher\src\UI\GameLauncher.BigScreen\GameLauncher.BigScreen_mjt2xffd_wpftmp.csproj]
H:\GameLauncher\src\UI\GameLauncher.BigScreen\ViewModels\SystemInfoViewModel.cs(103,10): error CS1022: Se esperaba una definici├│n de tipo o espacio de nombres, o el fin del archivo [H:\GameLauncher\src\UI\GameLauncher.BigScreen\GameLauncher.BigScreen_mjt2xffd_wpftmp.csproj]
H:\GameLauncher\src\UI\GameLauncher.BigScreen\ViewModels\SystemInfoViewModel.cs(104,5): error CS1022: Se esperaba una definici├│n de tipo o espacio de nombres, o el fin del archivo [H:\GameLauncher\src\UI\GameLauncher.BigScreen\GameLauncher.BigScreen_mjt2xffd_wpftmp.csproj]
H:\GameLauncher\src\UI\GameLauncher.BigScreen\ViewModels\SystemInfoViewModel.cs(106,5): error CS0106: El modificador 'private' no es v├ílido para este elemento [H:\GameLauncher\src\UI\GameLauncher.BigScreen\GameLauncher.BigScreen_mjt2xffd_wpftmp.csproj]
H:\GameLauncher\src\UI\GameLauncher.BigScreen\ViewModels\SystemInfoViewModel.cs(137,5): error CS0106: El modificador 'private' no es v├ílido para este elemento [H:\GameLauncher\src\UI\GameLauncher.BigScreen\GameLauncher.BigScreen_mjt2xffd_wpftmp.csproj]
H:\GameLauncher\src\UI\GameLauncher.BigScreen\ViewModels\SystemInfoViewModel.cs(231,5): error CS0106: El modificador 'private' no es v├ílido para este elemento [H:\GameLauncher\src\UI\GameLauncher.BigScreen\GameLauncher.BigScreen_mjt2xffd_wpftmp.csproj]
H:\GameLauncher\src\UI\GameLauncher.BigScreen\ViewModels\SystemInfoViewModel.cs(295,1): error CS1022: Se esperaba una definici├│n de tipo o espacio de nombres, o el fin del archivo [H:\GameLauncher\src\UI\GameLauncher.BigScreen\GameLauncher.BigScreen_mjt2xffd_wpftmp.csproj]
    0 Advertencia(s)
    57 Errores

Tiempo transcurrido 00:00:02.67
